Sun Dec 06 17:29:49 EST 2015 : Apache Derby Network Server - 10.11.1.2 - (1629631) started and ready to accept connections on port 1527
----------------------------------------------------------------
Sun Dec 06 17:29:50 EST 2015:
Booting Derby version The Apache Software Foundation - Apache Derby - 10.11.1.2 - (1629631): instance a816c00e-0151-796a-4d60-ffffbb02d89b 
on database directory C:\Users\Cameron\Desktop\FinalProject_2\FinalProject_2\FinalProjectDB\FinalProjectDB with class loader sun.misc.Launcher$AppClassLoader@5e2de80c 
Loaded from file:/C:/Program%20Files/Java/jdk1.8.0_65/db/lib/derby.jar
java.vendor=Oracle Corporation
java.runtime.version=1.8.0_65-b17
user.dir=C:\Program Files\Java\jdk1.8.0_65\db
os.name=Windows 10
os.arch=amd64
os.version=10.0
derby.system.home=C:\Users\Cameron\Desktop\FinalProject_2\FinalProject_2\FinalProjectDB
Database Class Loader started - derby.database.classpath=''
----------------------------------------------------------------
Mon Dec 07 03:05:44 EST 2015:
Booting Derby version The Apache Software Foundation - Apache Derby - 10.11.1.2 - (1629631): instance c62785ad-0151-796a-4d60-ffffbb02d89b 
on database directory C:\Users\Cameron\Desktop\FinalProject_2\FinalProject_2\FinalProjectDB\Lect8aDB with class loader sun.misc.Launcher$AppClassLoader@5e2de80c 
Loaded from file:/C:/Program%20Files/Java/jdk1.8.0_65/db/lib/derby.jar
java.vendor=Oracle Corporation
java.runtime.version=1.8.0_65-b17
user.dir=C:\Program Files\Java\jdk1.8.0_65\db
os.name=Windows 10
os.arch=amd64
os.version=10.0
derby.system.home=C:\Users\Cameron\Desktop\FinalProject_2\FinalProject_2\FinalProjectDB
Database Class Loader started - derby.database.classpath=''
----------------------------------------------------------------
Mon Dec 07 05:11:55 EST 2015: Shutting down Derby engine
